{
  "RSpec": {
    "coverage": {
      "/Users/ivansathianathan/Projects/online-marketplace-checkout/spec/checkout_spec.rb": [
        1,
        null,
        1,
        3,
        null,
        1,
        1,
        1,
        null,
        null,
        null,
        1,
        1,
        1,
        1,
        1,
        null,
        null,
        null
      ],
      "/Users/ivansathianathan/Projects/online-marketplace-checkout/lib/checkout.rb": [
        1,
        1,
        null,
        null,
        1,
        null,
        1,
        null,
        1,
        2,
        2,
        2,
        null,
        null,
        1,
        3,
        null,
        null,
        1,
        1,
        1,
        1,
        null,
        null,
        1,
        null,
        1,
        1,
        null,
        null,
        null
      ],
      "/Users/ivansathianathan/Projects/online-marketplace-checkout/lib/promotions.rb": [
        1,
        1,
        null,
        1,
        null,
        1,
        null,
        1,
        4,
        4,
        null,
        null,
        null,
        1,
        3,
        3,
        3,
        3,
        null,
        null,
        1,
        3,
        null,
        null,
        1,
        3,
        null,
        null,
        null
      ],
      "/Users/ivansathianathan/Projects/online-marketplace-checkout/lib/lavender_hearts_promotion.rb": [
        1,
        null,
        1,
        1,
        null,
        1,
        3,
        1,
        null,
        2,
        null,
        null,
        null,
        1,
        5,
        null,
        null,
        1,
        7,
        null,
        null
      ],
      "/Users/ivansathianathan/Projects/online-marketplace-checkout/lib/total_spend_promotion.rb": [
        1,
        null,
        1,
        1,
        null,
        1,
        3,
        1,
        null,
        2,
        null,
        null,
        null,
        1,
        5,
        null,
        null
      ],
      "/Users/ivansathianathan/Projects/online-marketplace-checkout/lib/order.rb": [
        1,
        null,
        1,
        null,
        1,
        null,
        1,
        7,
        7,
        null,
        null,
        1,
        9,
        8,
        null,
        null,
        1,
        3,
        3,
        6,
        6,
        null,
        3,
        null,
        null,
        null
      ],
      "/Users/ivansathianathan/Projects/online-marketplace-checkout/lib/product_list.rb": [
        1,
        null,
        1,
        null,
        null,
        null,
        null,
        null,
        1,
        null,
        1,
        4,
        null,
        null,
        1,
        4,
        null,
        null,
        null
      ],
      "/Users/ivansathianathan/Projects/online-marketplace-checkout/spec/lavender_hearts_promotion_spec.rb": [
        1,
        null,
        1,
        5,
        null,
        null,
        1,
        1,
        1,
        1,
        null,
        null,
        null,
        1,
        1,
        1,
        1,
        null,
        1,
        1,
        1,
        null,
        null,
        null,
        1,
        1,
        1,
        1,
        1,
        null,
        null,
        null,
        null,
        null
      ],
      "/Users/ivansathianathan/Projects/online-marketplace-checkout/spec/order_spec.rb": [
        1,
        null,
        1,
        6,
        6,
        null,
        null,
        null,
        null,
        null,
        null,
        null,
        1,
        1,
        1,
        null,
        1,
        1,
        null,
        null,
        null,
        1,
        1,
        1,
        1,
        1,
        3,
        1,
        1,
        null,
        1,
        1,
        2,
        null,
        null,
        null,
        1,
        1,
        1,
        1,
        1,
        1,
        1,
        null,
        null,
        null,
        null
      ],
      "/Users/ivansathianathan/Projects/online-marketplace-checkout/spec/product_list_spec.rb": [
        1,
        null,
        1,
        3,
        null,
        1,
        1,
        1,
        null,
        null,
        null,
        1,
        1,
        1,
        null,
        null,
        null,
        null
      ],
      "/Users/ivansathianathan/Projects/online-marketplace-checkout/spec/promotions_spec.rb": [
        1,
        null,
        1,
        3,
        null,
        1,
        1,
        1,
        1,
        1,
        1,
        null,
        1,
        1,
        1,
        1,
        1,
        null,
        null,
        null,
        null
      ],
      "/Users/ivansathianathan/Projects/online-marketplace-checkout/spec/total_spend_promotion_spec.rb": [
        1,
        null,
        1,
        4,
        null,
        1,
        1,
        1,
        1,
        null,
        1,
        1,
        1,
        null,
        null,
        null,
        1,
        1,
        1,
        1,
        1,
        null,
        null,
        null
      ]
    },
    "timestamp": 1454266960
  }
}
